2025-08-08 03:11:31.068 [background-preinit] INFO  o.h.validator.internal.util.Version - HV000001: Hibernate Validator 8.0.1.Final
2025-08-08 03:11:31.083 [restartedMain] INFO  com.threadly.ThreadlyApplication - Starting ThreadlyApplication using Java 17.0.14 with PID 32174 (/Users/gimgyubaeg/workspace/java/project/ecommerce/threadly/threadly-apps/app-api/build/classes/java/main started by gimgyubaeg in /Users/gimgyubaeg/workspace/java/project/ecommerce/threadly)
2025-08-08 03:11:31.083 [restartedMain] DEBUG com.threadly.ThreadlyApplication - Running with Spring Boot v3.3.3, Spring v6.1.12
2025-08-08 03:11:31.084 [restartedMain] INFO  com.threadly.ThreadlyApplication - The following 1 profile is active: "dev"
2025-08-08 03:11:31.099 [restartedMain] INFO  o.s.b.d.e.DevToolsPropertyDefaultsPostProcessor - Devtools property defaults active! Set 'spring.devtools.add-properties' to 'false' to disable
2025-08-08 03:11:31.099 [restartedMain] INFO  o.s.b.d.e.DevToolsPropertyDefaultsPostProcessor - For additional web related logging consider setting the 'logging.level.web' property to 'DEBUG'
2025-08-08 03:11:31.840 [restartedMain] INFO  o.s.d.r.c.RepositoryConfigurationDelegate - Multiple Spring Data modules found, entering strict repository configuration mode
2025-08-08 03:11:31.841 [restartedMain] INFO  o.s.d.r.c.RepositoryConfigurationDelegate - Bootstrapping Spring Data JPA repositories in DEFAULT mode.
2025-08-08 03:11:31.930 [restartedMain] INFO  o.s.d.r.c.RepositoryConfigurationDelegate - Finished Spring Data repository scanning in 85 ms. Found 9 JPA repository interfaces.
2025-08-08 03:11:31.937 [restartedMain] INFO  o.s.d.r.c.RepositoryConfigurationDelegate - Multiple Spring Data modules found, entering strict repository configuration mode
2025-08-08 03:11:31.938 [restartedMain] INFO  o.s.d.r.c.RepositoryConfigurationDelegate - Bootstrapping Spring Data Redis repositories in DEFAULT mode.
2025-08-08 03:11:31.949 [restartedMain] INFO  o.s.d.r.c.RepositoryConfigurationExtensionSupport - Spring Data Redis - Could not safely identify store assignment for repository candidate interface com.threadly.adapter.persistence.core.follow.repository.FollowJpaRepository; If you want this repository to be a Redis repository, consider annotating your entities with one of these annotations: org.springframework.data.redis.core.RedisHash (preferred), or consider extending one of the following types with your repository: org.springframework.data.keyvalue.repository.KeyValueRepository
2025-08-08 03:11:31.949 [restartedMain] INFO  o.s.d.r.c.RepositoryConfigurationExtensionSupport - Spring Data Redis - Could not safely identify store assignment for repository candidate interface com.threadly.adapter.persistence.core.post.repository.CommentLikeJpaRepository; If you want this repository to be a Redis repository, consider annotating your entities with one of these annotations: org.springframework.data.redis.core.RedisHash (preferred), or consider extending one of the following types with your repository: org.springframework.data.keyvalue.repository.KeyValueRepository
2025-08-08 03:11:31.949 [restartedMain] INFO  o.s.d.r.c.RepositoryConfigurationExtensionSupport - Spring Data Redis - Could not safely identify store assignment for repository candidate interface com.threadly.adapter.persistence.core.post.repository.PostCommentJpaRepository; If you want this repository to be a Redis repository, consider annotating your entities with one of these annotations: org.springframework.data.redis.core.RedisHash (preferred), or consider extending one of the following types with your repository: org.springframework.data.keyvalue.repository.KeyValueRepository
2025-08-08 03:11:31.949 [restartedMain] INFO  o.s.d.r.c.RepositoryConfigurationExtensionSupport - Spring Data Redis - Could not safely identify store assignment for repository candidate interface com.threadly.adapter.persistence.core.post.repository.PostImageJpaRepository; If you want this repository to be a Redis repository, consider annotating your entities with one of these annotations: org.springframework.data.redis.core.RedisHash (preferred), or consider extending one of the following types with your repository: org.springframework.data.keyvalue.repository.KeyValueRepository
2025-08-08 03:11:31.949 [restartedMain] INFO  o.s.d.r.c.RepositoryConfigurationExtensionSupport - Spring Data Redis - Could not safely identify store assignment for repository candidate interface com.threadly.adapter.persistence.core.post.repository.PostJpaRepository; If you want this repository to be a Redis repository, consider annotating your entities with one of these annotations: org.springframework.data.redis.core.RedisHash (preferred), or consider extending one of the following types with your repository: org.springframework.data.keyvalue.repository.KeyValueRepository
2025-08-08 03:11:31.949 [restartedMain] INFO  o.s.d.r.c.RepositoryConfigurationExtensionSupport - Spring Data Redis - Could not safely identify store assignment for repository candidate interface com.threadly.adapter.persistence.core.post.repository.PostLikeJpaRepository; If you want this repository to be a Redis repository, consider annotating your entities with one of these annotations: org.springframework.data.redis.core.RedisHash (preferred), or consider extending one of the following types with your repository: org.springframework.data.keyvalue.repository.KeyValueRepository
2025-08-08 03:11:31.949 [restartedMain] INFO  o.s.d.r.c.RepositoryConfigurationExtensionSupport - Spring Data Redis - Could not safely identify store assignment for repository candidate interface com.threadly.adapter.persistence.core.user.repository.UserJpaRepository; If you want this repository to be a Redis repository, consider annotating your entities with one of these annotations: org.springframework.data.redis.core.RedisHash (preferred), or consider extending one of the following types with your repository: org.springframework.data.keyvalue.repository.KeyValueRepository
2025-08-08 03:11:31.949 [restartedMain] INFO  o.s.d.r.c.RepositoryConfigurationExtensionSupport - Spring Data Redis - Could not safely identify store assignment for repository candidate interface com.threadly.adapter.persistence.core.user.repository.UserProfileImageJpaRepository; If you want this repository to be a Redis repository, consider annotating your entities with one of these annotations: org.springframework.data.redis.core.RedisHash (preferred), or consider extending one of the following types with your repository: org.springframework.data.keyvalue.repository.KeyValueRepository
2025-08-08 03:11:31.949 [restartedMain] INFO  o.s.d.r.c.RepositoryConfigurationExtensionSupport - Spring Data Redis - Could not safely identify store assignment for repository candidate interface com.threadly.adapter.persistence.core.user.repository.UserProfileJpaRepository; If you want this repository to be a Redis repository, consider annotating your entities with one of these annotations: org.springframework.data.redis.core.RedisHash (preferred), or consider extending one of the following types with your repository: org.springframework.data.keyvalue.repository.KeyValueRepository
2025-08-08 03:11:31.949 [restartedMain] INFO  o.s.d.r.c.RepositoryConfigurationDelegate - Finished Spring Data repository scanning in 7 ms. Found 0 Redis repository interfaces.
2025-08-08 03:11:32.344 [restartedMain] INFO  o.s.b.w.e.tomcat.TomcatWebServer - Tomcat initialized with port 8080 (http)
2025-08-08 03:11:32.348 [restartedMain] INFO  o.a.coyote.http11.Http11NioProtocol - Initializing ProtocolHandler ["http-nio-8080"]
2025-08-08 03:11:32.349 [restartedMain] INFO  o.a.catalina.core.StandardService - Starting service [Tomcat]
2025-08-08 03:11:32.350 [restartedMain] INFO  o.a.catalina.core.StandardEngine - Starting Servlet engine: [Apache Tomcat/10.1.28]
2025-08-08 03:11:32.368 [restartedMain] INFO  o.a.c.c.C.[Tomcat].[localhost].[/] - Initializing Spring embedded WebApplicationContext
2025-08-08 03:11:32.368 [restartedMain] INFO  o.s.b.w.s.c.ServletWebServerApplicationContext - Root WebApplicationContext: initialization completed in 1269 ms
2025-08-08 03:11:32.457 [restartedMain] INFO  com.zaxxer.hikari.HikariDataSource - HikariPool-1 - Starting...
2025-08-08 03:11:32.532 [restartedMain] INFO  com.zaxxer.hikari.pool.HikariPool - HikariPool-1 - Added connection org.postgresql.jdbc.PgConnection@5391e41e
2025-08-08 03:11:32.533 [restartedMain] INFO  com.zaxxer.hikari.HikariDataSource - HikariPool-1 - Start completed.
2025-08-08 03:11:32.537 [restartedMain] INFO  o.s.b.a.h.H2ConsoleAutoConfiguration - H2 console available at '/h2-console'. Database available at 'jdbc:postgresql://localhost:5433/postgres?profileSQL=true'
2025-08-08 03:11:32.751 [restartedMain] INFO  org.flywaydb.core.FlywayExecutor - Database: jdbc:postgresql://localhost:5433/postgres (PostgreSQL 16.9)
2025-08-08 03:11:32.792 [restartedMain] INFO  o.f.core.internal.command.DbValidate - Successfully validated 18 migrations (execution time 00:00.024s)
2025-08-08 03:11:32.800 [restartedMain] INFO  o.f.core.internal.command.DbMigrate - Current version of schema "public": 18
2025-08-08 03:11:32.801 [restartedMain] INFO  o.f.core.internal.command.DbMigrate - Schema "public" is up to date. No migration necessary.
2025-08-08 03:11:32.864 [restartedMain] INFO  o.h.jpa.internal.util.LogHelper - HHH000204: Processing PersistenceUnitInfo [name: default]
2025-08-08 03:11:32.898 [restartedMain] INFO  org.hibernate.Version - HHH000412: Hibernate ORM core version 6.5.2.Final
2025-08-08 03:11:32.917 [restartedMain] INFO  o.h.c.i.RegionFactoryInitiator - HHH000026: Second-level cache disabled
2025-08-08 03:11:33.062 [restartedMain] INFO  o.s.o.j.p.SpringPersistenceUnitInfo - No LoadTimeWeaver setup: ignoring JPA class transformer
2025-08-08 03:11:33.270 [restartedMain] WARN  org.hibernate.mapping.RootClass - HHH000038: Composite-id class does not override equals(): com.threadly.adapter.persistence.core.post.entity.PostIdAndUserId
2025-08-08 03:11:33.270 [restartedMain] WARN  org.hibernate.mapping.RootClass - HHH000039: Composite-id class does not override hashCode(): com.threadly.adapter.persistence.core.post.entity.PostIdAndUserId
2025-08-08 03:11:33.270 [restartedMain] WARN  org.hibernate.mapping.RootClass - HHH000038: Composite-id class does not override equals(): com.threadly.adapter.persistence.core.post.entity.UserIdAndCommentId
2025-08-08 03:11:33.270 [restartedMain] WARN  org.hibernate.mapping.RootClass - HHH000039: Composite-id class does not override hashCode(): com.threadly.adapter.persistence.core.post.entity.UserIdAndCommentId
2025-08-08 03:11:33.539 [restartedMain] INFO  o.h.e.t.j.p.i.JtaPlatformInitiator - HHH000489: No JTA platform available (set 'hibernate.transaction.jta.platform' to enable JTA platform integration)
2025-08-08 03:11:33.572 [restartedMain] INFO  o.s.o.j.LocalContainerEntityManagerFactoryBean - Initialized JPA EntityManagerFactory for persistence unit 'default'
2025-08-08 03:11:33.717 [restartedMain] INFO  o.s.d.j.r.query.QueryEnhancerFactory - Hibernate is in classpath; If applicable, HQL parser will be used.
2025-08-08 03:11:34.125 [restartedMain] DEBUG c.t.g.filter.JwtAuthenticationFilter - Filter 'jwtAuthenticationFilter' configured for use
2025-08-08 03:11:34.125 [restartedMain] DEBUG c.t.global.filter.VerificationFilter - Filter 'verificationFilter' configured for use
2025-08-08 03:11:34.125 [restartedMain] DEBUG c.t.g.f.UserStatusTypeValidationFilter - Filter 'userStatusTypeValidationFilter' configured for use
2025-08-08 03:11:34.577 [restartedMain] INFO  o.s.s.c.a.a.c.InitializeUserDetailsBeanManagerConfigurer$InitializeUserDetailsManagerConfigurer - Global AuthenticationManager configured with UserDetailsService bean with name customUserDetailService
2025-08-08 03:11:34.804 [restartedMain] INFO  o.s.b.a.e.web.EndpointLinksResolver - Exposing 3 endpoints beneath base path '/actuator'
2025-08-08 03:11:35.272 [restartedMain] INFO  o.s.b.d.a.OptionalLiveReloadServer - LiveReload server is running on port 35729
2025-08-08 03:11:35.297 [restartedMain] INFO  o.a.coyote.http11.Http11NioProtocol - Starting ProtocolHandler ["http-nio-8080"]
2025-08-08 03:11:35.304 [restartedMain] INFO  o.s.b.w.e.tomcat.TomcatWebServer - Tomcat started on port 8080 (http) with context path '/'
2025-08-08 03:11:35.311 [restartedMain] INFO  com.threadly.ThreadlyApplication - Started ThreadlyApplication in 4.452 seconds (process running for 4.785)
2025-08-08 03:11:35.661 [RMI TCP Connection(2)-127.0.0.1] INFO  o.a.c.c.C.[Tomcat].[localhost].[/] - Initializing Spring DispatcherServlet 'dispatcherServlet'
2025-08-08 03:11:35.661 [RMI TCP Connection(2)-127.0.0.1] INFO  o.s.web.servlet.DispatcherServlet - Initializing Servlet 'dispatcherServlet'
2025-08-08 03:11:35.662 [RMI TCP Connection(2)-127.0.0.1] INFO  o.s.web.servlet.DispatcherServlet - Completed initialization in 1 ms
2025-08-08 03:11:40.011 [SpringApplicationShutdownHook] INFO  o.s.o.j.LocalContainerEntityManagerFactoryBean - Closing JPA EntityManagerFactory for persistence unit 'default'
2025-08-08 03:11:40.013 [SpringApplicationShutdownHook] INFO  com.zaxxer.hikari.HikariDataSource - HikariPool-1 - Shutdown initiated...
2025-08-08 03:11:40.014 [SpringApplicationShutdownHook] INFO  com.zaxxer.hikari.HikariDataSource - HikariPool-1 - Shutdown completed.
2025-08-09 21:49:02.010 [background-preinit] INFO  o.h.validator.internal.util.Version - HV000001: Hibernate Validator 8.0.1.Final
2025-08-09 21:49:02.034 [restartedMain] INFO  com.threadly.ThreadlyApplication - Starting ThreadlyApplication using Java 17.0.14 with PID 51222 (/Users/gimgyubaeg/workspace/java/project/ecommerce/threadly/threadly-apps/app-api/build/classes/java/main started by gimgyubaeg in /Users/gimgyubaeg/workspace/java/project/ecommerce/threadly)
2025-08-09 21:49:02.035 [restartedMain] DEBUG com.threadly.ThreadlyApplication - Running with Spring Boot v3.3.3, Spring v6.1.12
2025-08-09 21:49:02.035 [restartedMain] INFO  com.threadly.ThreadlyApplication - The following 1 profile is active: "dev"
2025-08-09 21:49:02.055 [restartedMain] INFO  o.s.b.d.e.DevToolsPropertyDefaultsPostProcessor - Devtools property defaults active! Set 'spring.devtools.add-properties' to 'false' to disable
2025-08-09 21:49:02.055 [restartedMain] INFO  o.s.b.d.e.DevToolsPropertyDefaultsPostProcessor - For additional web related logging consider setting the 'logging.level.web' property to 'DEBUG'
2025-08-09 21:49:02.801 [restartedMain] INFO  o.s.d.r.c.RepositoryConfigurationDelegate - Multiple Spring Data modules found, entering strict repository configuration mode
2025-08-09 21:49:02.802 [restartedMain] INFO  o.s.d.r.c.RepositoryConfigurationDelegate - Bootstrapping Spring Data JPA repositories in DEFAULT mode.
2025-08-09 21:49:02.899 [restartedMain] INFO  o.s.d.r.c.RepositoryConfigurationDelegate - Finished Spring Data repository scanning in 93 ms. Found 9 JPA repository interfaces.
2025-08-09 21:49:02.907 [restartedMain] INFO  o.s.d.r.c.RepositoryConfigurationDelegate - Multiple Spring Data modules found, entering strict repository configuration mode
2025-08-09 21:49:02.908 [restartedMain] INFO  o.s.d.r.c.RepositoryConfigurationDelegate - Bootstrapping Spring Data Redis repositories in DEFAULT mode.
2025-08-09 21:49:02.921 [restartedMain] INFO  o.s.d.r.c.RepositoryConfigurationExtensionSupport - Spring Data Redis - Could not safely identify store assignment for repository candidate interface com.threadly.adapter.persistence.core.follow.repository.FollowJpaRepository; If you want this repository to be a Redis repository, consider annotating your entities with one of these annotations: org.springframework.data.redis.core.RedisHash (preferred), or consider extending one of the following types with your repository: org.springframework.data.keyvalue.repository.KeyValueRepository
2025-08-09 21:49:02.921 [restartedMain] INFO  o.s.d.r.c.RepositoryConfigurationExtensionSupport - Spring Data Redis - Could not safely identify store assignment for repository candidate interface com.threadly.adapter.persistence.core.post.repository.CommentLikeJpaRepository; If you want this repository to be a Redis repository, consider annotating your entities with one of these annotations: org.springframework.data.redis.core.RedisHash (preferred), or consider extending one of the following types with your repository: org.springframework.data.keyvalue.repository.KeyValueRepository
2025-08-09 21:49:02.921 [restartedMain] INFO  o.s.d.r.c.RepositoryConfigurationExtensionSupport - Spring Data Redis - Could not safely identify store assignment for repository candidate interface com.threadly.adapter.persistence.core.post.repository.PostCommentJpaRepository; If you want this repository to be a Redis repository, consider annotating your entities with one of these annotations: org.springframework.data.redis.core.RedisHash (preferred), or consider extending one of the following types with your repository: org.springframework.data.keyvalue.repository.KeyValueRepository
2025-08-09 21:49:02.921 [restartedMain] INFO  o.s.d.r.c.RepositoryConfigurationExtensionSupport - Spring Data Redis - Could not safely identify store assignment for repository candidate interface com.threadly.adapter.persistence.core.post.repository.PostImageJpaRepository; If you want this repository to be a Redis repository, consider annotating your entities with one of these annotations: org.springframework.data.redis.core.RedisHash (preferred), or consider extending one of the following types with your repository: org.springframework.data.keyvalue.repository.KeyValueRepository
2025-08-09 21:49:02.921 [restartedMain] INFO  o.s.d.r.c.RepositoryConfigurationExtensionSupport - Spring Data Redis - Could not safely identify store assignment for repository candidate interface com.threadly.adapter.persistence.core.post.repository.PostJpaRepository; If you want this repository to be a Redis repository, consider annotating your entities with one of these annotations: org.springframework.data.redis.core.RedisHash (preferred), or consider extending one of the following types with your repository: org.springframework.data.keyvalue.repository.KeyValueRepository
2025-08-09 21:49:02.921 [restartedMain] INFO  o.s.d.r.c.RepositoryConfigurationExtensionSupport - Spring Data Redis - Could not safely identify store assignment for repository candidate interface com.threadly.adapter.persistence.core.post.repository.PostLikeJpaRepository; If you want this repository to be a Redis repository, consider annotating your entities with one of these annotations: org.springframework.data.redis.core.RedisHash (preferred), or consider extending one of the following types with your repository: org.springframework.data.keyvalue.repository.KeyValueRepository
2025-08-09 21:49:02.921 [restartedMain] INFO  o.s.d.r.c.RepositoryConfigurationExtensionSupport - Spring Data Redis - Could not safely identify store assignment for repository candidate interface com.threadly.adapter.persistence.core.user.repository.UserJpaRepository; If you want this repository to be a Redis repository, consider annotating your entities with one of these annotations: org.springframework.data.redis.core.RedisHash (preferred), or consider extending one of the following types with your repository: org.springframework.data.keyvalue.repository.KeyValueRepository
2025-08-09 21:49:02.921 [restartedMain] INFO  o.s.d.r.c.RepositoryConfigurationExtensionSupport - Spring Data Redis - Could not safely identify store assignment for repository candidate interface com.threadly.adapter.persistence.core.user.repository.UserProfileImageJpaRepository; If you want this repository to be a Redis repository, consider annotating your entities with one of these annotations: org.springframework.data.redis.core.RedisHash (preferred), or consider extending one of the following types with your repository: org.springframework.data.keyvalue.repository.KeyValueRepository
2025-08-09 21:49:02.921 [restartedMain] INFO  o.s.d.r.c.RepositoryConfigurationExtensionSupport - Spring Data Redis - Could not safely identify store assignment for repository candidate interface com.threadly.adapter.persistence.core.user.repository.UserProfileJpaRepository; If you want this repository to be a Redis repository, consider annotating your entities with one of these annotations: org.springframework.data.redis.core.RedisHash (preferred), or consider extending one of the following types with your repository: org.springframework.data.keyvalue.repository.KeyValueRepository
2025-08-09 21:49:02.921 [restartedMain] INFO  o.s.d.r.c.RepositoryConfigurationDelegate - Finished Spring Data repository scanning in 8 ms. Found 0 Redis repository interfaces.
2025-08-09 21:49:03.330 [restartedMain] INFO  o.s.b.w.e.tomcat.TomcatWebServer - Tomcat initialized with port 8080 (http)
2025-08-09 21:49:03.334 [restartedMain] INFO  o.a.coyote.http11.Http11NioProtocol - Initializing ProtocolHandler ["http-nio-8080"]
2025-08-09 21:49:03.336 [restartedMain] INFO  o.a.catalina.core.StandardService - Starting service [Tomcat]
2025-08-09 21:49:03.336 [restartedMain] INFO  o.a.catalina.core.StandardEngine - Starting Servlet engine: [Apache Tomcat/10.1.28]
2025-08-09 21:49:03.353 [restartedMain] INFO  o.a.c.c.C.[Tomcat].[localhost].[/] - Initializing Spring embedded WebApplicationContext
2025-08-09 21:49:03.353 [restartedMain] INFO  o.s.b.w.s.c.ServletWebServerApplicationContext - Root WebApplicationContext: initialization completed in 1298 ms
2025-08-09 21:49:03.436 [restartedMain] INFO  com.zaxxer.hikari.HikariDataSource - HikariPool-1 - Starting...
2025-08-09 21:49:03.522 [restartedMain] INFO  com.zaxxer.hikari.pool.HikariPool - HikariPool-1 - Added connection org.postgresql.jdbc.PgConnection@3ef44612
2025-08-09 21:49:03.523 [restartedMain] INFO  com.zaxxer.hikari.HikariDataSource - HikariPool-1 - Start completed.
2025-08-09 21:49:03.527 [restartedMain] INFO  o.s.b.a.h.H2ConsoleAutoConfiguration - H2 console available at '/h2-console'. Database available at 'jdbc:postgresql://localhost:5433/postgres?profileSQL=true'
2025-08-09 21:49:03.742 [restartedMain] INFO  org.flywaydb.core.FlywayExecutor - Database: jdbc:postgresql://localhost:5433/postgres (PostgreSQL 16.9)
2025-08-09 21:49:03.784 [restartedMain] INFO  o.f.core.internal.command.DbValidate - Successfully validated 18 migrations (execution time 00:00.021s)
2025-08-09 21:49:03.793 [restartedMain] INFO  o.f.core.internal.command.DbMigrate - Current version of schema "public": 18
2025-08-09 21:49:03.795 [restartedMain] INFO  o.f.core.internal.command.DbMigrate - Schema "public" is up to date. No migration necessary.
2025-08-09 21:49:03.853 [restartedMain] INFO  o.h.jpa.internal.util.LogHelper - HHH000204: Processing PersistenceUnitInfo [name: default]
2025-08-09 21:49:03.891 [restartedMain] INFO  org.hibernate.Version - HHH000412: Hibernate ORM core version 6.5.2.Final
2025-08-09 21:49:03.909 [restartedMain] INFO  o.h.c.i.RegionFactoryInitiator - HHH000026: Second-level cache disabled
2025-08-09 21:49:04.059 [restartedMain] INFO  o.s.o.j.p.SpringPersistenceUnitInfo - No LoadTimeWeaver setup: ignoring JPA class transformer
2025-08-09 21:49:04.267 [restartedMain] WARN  org.hibernate.mapping.RootClass - HHH000038: Composite-id class does not override equals(): com.threadly.adapter.persistence.core.post.entity.UserIdAndCommentId
2025-08-09 21:49:04.268 [restartedMain] WARN  org.hibernate.mapping.RootClass - HHH000039: Composite-id class does not override hashCode(): com.threadly.adapter.persistence.core.post.entity.UserIdAndCommentId
2025-08-09 21:49:04.268 [restartedMain] WARN  org.hibernate.mapping.RootClass - HHH000038: Composite-id class does not override equals(): com.threadly.adapter.persistence.core.post.entity.PostIdAndUserId
2025-08-09 21:49:04.268 [restartedMain] WARN  org.hibernate.mapping.RootClass - HHH000039: Composite-id class does not override hashCode(): com.threadly.adapter.persistence.core.post.entity.PostIdAndUserId
2025-08-09 21:49:04.536 [restartedMain] INFO  o.h.e.t.j.p.i.JtaPlatformInitiator - HHH000489: No JTA platform available (set 'hibernate.transaction.jta.platform' to enable JTA platform integration)
2025-08-09 21:49:04.572 [restartedMain] INFO  o.s.o.j.LocalContainerEntityManagerFactoryBean - Initialized JPA EntityManagerFactory for persistence unit 'default'
2025-08-09 21:49:04.699 [restartedMain] INFO  o.s.d.j.r.query.QueryEnhancerFactory - Hibernate is in classpath; If applicable, HQL parser will be used.
2025-08-09 21:49:05.127 [restartedMain] DEBUG c.t.g.filter.JwtAuthenticationFilter - Filter 'jwtAuthenticationFilter' configured for use
2025-08-09 21:49:05.127 [restartedMain] DEBUG c.t.global.filter.VerificationFilter - Filter 'verificationFilter' configured for use
2025-08-09 21:49:05.128 [restartedMain] DEBUG c.t.g.f.UserStatusTypeValidationFilter - Filter 'userStatusTypeValidationFilter' configured for use
2025-08-09 21:49:05.591 [restartedMain] INFO  o.s.s.c.a.a.c.InitializeUserDetailsBeanManagerConfigurer$InitializeUserDetailsManagerConfigurer - Global AuthenticationManager configured with UserDetailsService bean with name customUserDetailService
2025-08-09 21:49:05.816 [restartedMain] INFO  o.s.b.a.e.web.EndpointLinksResolver - Exposing 3 endpoints beneath base path '/actuator'
2025-08-09 21:49:06.305 [restartedMain] INFO  o.s.b.d.a.OptionalLiveReloadServer - LiveReload server is running on port 35729
2025-08-09 21:49:06.330 [restartedMain] INFO  o.a.coyote.http11.Http11NioProtocol - Starting ProtocolHandler ["http-nio-8080"]
2025-08-09 21:49:06.337 [restartedMain] INFO  o.s.b.w.e.tomcat.TomcatWebServer - Tomcat started on port 8080 (http) with context path '/'
2025-08-09 21:49:06.344 [restartedMain] INFO  com.threadly.ThreadlyApplication - Started ThreadlyApplication in 4.586 seconds (process running for 4.901)
2025-08-09 21:49:06.582 [RMI TCP Connection(4)-127.0.0.1] INFO  o.a.c.c.C.[Tomcat].[localhost].[/] - Initializing Spring DispatcherServlet 'dispatcherServlet'
2025-08-09 21:49:06.582 [RMI TCP Connection(4)-127.0.0.1] INFO  o.s.web.servlet.DispatcherServlet - Initializing Servlet 'dispatcherServlet'
2025-08-09 21:49:06.583 [RMI TCP Connection(4)-127.0.0.1] INFO  o.s.web.servlet.DispatcherServlet - Completed initialization in 1 ms
2025-08-09 21:49:11.888 [SpringApplicationShutdownHook] INFO  o.s.o.j.LocalContainerEntityManagerFactoryBean - Closing JPA EntityManagerFactory for persistence unit 'default'
2025-08-09 21:49:11.890 [SpringApplicationShutdownHook] INFO  com.zaxxer.hikari.HikariDataSource - HikariPool-1 - Shutdown initiated...
2025-08-09 21:49:11.891 [SpringApplicationShutdownHook] INFO  com.zaxxer.hikari.HikariDataSource - HikariPool-1 - Shutdown completed.
2025-08-09 21:51:54.288 [background-preinit] INFO  o.h.validator.internal.util.Version - HV000001: Hibernate Validator 8.0.1.Final
2025-08-09 21:51:54.303 [restartedMain] INFO  com.threadly.ThreadlyApplication - Starting ThreadlyApplication using Java 17.0.14 with PID 51348 (/Users/gimgyubaeg/workspace/java/project/ecommerce/threadly/threadly-apps/app-api/build/classes/java/main started by gimgyubaeg in /Users/gimgyubaeg/workspace/java/project/ecommerce/threadly)
2025-08-09 21:51:54.303 [restartedMain] DEBUG com.threadly.ThreadlyApplication - Running with Spring Boot v3.3.3, Spring v6.1.12
2025-08-09 21:51:54.303 [restartedMain] INFO  com.threadly.ThreadlyApplication - The following 1 profile is active: "dev"
2025-08-09 21:51:54.321 [restartedMain] INFO  o.s.b.d.e.DevToolsPropertyDefaultsPostProcessor - Devtools property defaults active! Set 'spring.devtools.add-properties' to 'false' to disable
2025-08-09 21:51:54.321 [restartedMain] INFO  o.s.b.d.e.DevToolsPropertyDefaultsPostProcessor - For additional web related logging consider setting the 'logging.level.web' property to 'DEBUG'
2025-08-09 21:51:54.979 [restartedMain] INFO  o.s.d.r.c.RepositoryConfigurationDelegate - Multiple Spring Data modules found, entering strict repository configuration mode
2025-08-09 21:51:54.980 [restartedMain] INFO  o.s.d.r.c.RepositoryConfigurationDelegate - Bootstrapping Spring Data JPA repositories in DEFAULT mode.
2025-08-09 21:51:55.062 [restartedMain] INFO  o.s.d.r.c.RepositoryConfigurationDelegate - Finished Spring Data repository scanning in 80 ms. Found 9 JPA repository interfaces.
2025-08-09 21:51:55.069 [restartedMain] INFO  o.s.d.r.c.RepositoryConfigurationDelegate - Multiple Spring Data modules found, entering strict repository configuration mode
2025-08-09 21:51:55.069 [restartedMain] INFO  o.s.d.r.c.RepositoryConfigurationDelegate - Bootstrapping Spring Data Redis repositories in DEFAULT mode.
2025-08-09 21:51:55.079 [restartedMain] INFO  o.s.d.r.c.RepositoryConfigurationExtensionSupport - Spring Data Redis - Could not safely identify store assignment for repository candidate interface com.threadly.adapter.persistence.core.follow.repository.FollowJpaRepository; If you want this repository to be a Redis repository, consider annotating your entities with one of these annotations: org.springframework.data.redis.core.RedisHash (preferred), or consider extending one of the following types with your repository: org.springframework.data.keyvalue.repository.KeyValueRepository
2025-08-09 21:51:55.079 [restartedMain] INFO  o.s.d.r.c.RepositoryConfigurationExtensionSupport - Spring Data Redis - Could not safely identify store assignment for repository candidate interface com.threadly.adapter.persistence.core.post.repository.CommentLikeJpaRepository; If you want this repository to be a Redis repository, consider annotating your entities with one of these annotations: org.springframework.data.redis.core.RedisHash (preferred), or consider extending one of the following types with your repository: org.springframework.data.keyvalue.repository.KeyValueRepository
2025-08-09 21:51:55.080 [restartedMain] INFO  o.s.d.r.c.RepositoryConfigurationExtensionSupport - Spring Data Redis - Could not safely identify store assignment for repository candidate interface com.threadly.adapter.persistence.core.post.repository.PostCommentJpaRepository; If you want this repository to be a Redis repository, consider annotating your entities with one of these annotations: org.springframework.data.redis.core.RedisHash (preferred), or consider extending one of the following types with your repository: org.springframework.data.keyvalue.repository.KeyValueRepository
2025-08-09 21:51:55.080 [restartedMain] INFO  o.s.d.r.c.RepositoryConfigurationExtensionSupport - Spring Data Redis - Could not safely identify store assignment for repository candidate interface com.threadly.adapter.persistence.core.post.repository.PostImageJpaRepository; If you want this repository to be a Redis repository, consider annotating your entities with one of these annotations: org.springframework.data.redis.core.RedisHash (preferred), or consider extending one of the following types with your repository: org.springframework.data.keyvalue.repository.KeyValueRepository
2025-08-09 21:51:55.080 [restartedMain] INFO  o.s.d.r.c.RepositoryConfigurationExtensionSupport - Spring Data Redis - Could not safely identify store assignment for repository candidate interface com.threadly.adapter.persistence.core.post.repository.PostJpaRepository; If you want this repository to be a Redis repository, consider annotating your entities with one of these annotations: org.springframework.data.redis.core.RedisHash (preferred), or consider extending one of the following types with your repository: org.springframework.data.keyvalue.repository.KeyValueRepository
2025-08-09 21:51:55.080 [restartedMain] INFO  o.s.d.r.c.RepositoryConfigurationExtensionSupport - Spring Data Redis - Could not safely identify store assignment for repository candidate interface com.threadly.adapter.persistence.core.post.repository.PostLikeJpaRepository; If you want this repository to be a Redis repository, consider annotating your entities with one of these annotations: org.springframework.data.redis.core.RedisHash (preferred), or consider extending one of the following types with your repository: org.springframework.data.keyvalue.repository.KeyValueRepository
2025-08-09 21:51:55.080 [restartedMain] INFO  o.s.d.r.c.RepositoryConfigurationExtensionSupport - Spring Data Redis - Could not safely identify store assignment for repository candidate interface com.threadly.adapter.persistence.core.user.repository.UserJpaRepository; If you want this repository to be a Redis repository, consider annotating your entities with one of these annotations: org.springframework.data.redis.core.RedisHash (preferred), or consider extending one of the following types with your repository: org.springframework.data.keyvalue.repository.KeyValueRepository
2025-08-09 21:51:55.080 [restartedMain] INFO  o.s.d.r.c.RepositoryConfigurationExtensionSupport - Spring Data Redis - Could not safely identify store assignment for repository candidate interface com.threadly.adapter.persistence.core.user.repository.UserProfileImageJpaRepository; If you want this repository to be a Redis repository, consider annotating your entities with one of these annotations: org.springframework.data.redis.core.RedisHash (preferred), or consider extending one of the following types with your repository: org.springframework.data.keyvalue.repository.KeyValueRepository
2025-08-09 21:51:55.080 [restartedMain] INFO  o.s.d.r.c.RepositoryConfigurationExtensionSupport - Spring Data Redis - Could not safely identify store assignment for repository candidate interface com.threadly.adapter.persistence.core.user.repository.UserProfileJpaRepository; If you want this repository to be a Redis repository, consider annotating your entities with one of these annotations: org.springframework.data.redis.core.RedisHash (preferred), or consider extending one of the following types with your repository: org.springframework.data.keyvalue.repository.KeyValueRepository
2025-08-09 21:51:55.080 [restartedMain] INFO  o.s.d.r.c.RepositoryConfigurationDelegate - Finished Spring Data repository scanning in 8 ms. Found 0 Redis repository interfaces.
2025-08-09 21:51:55.469 [restartedMain] INFO  o.s.b.w.e.tomcat.TomcatWebServer - Tomcat initialized with port 8080 (http)
2025-08-09 21:51:55.473 [restartedMain] INFO  o.a.coyote.http11.Http11NioProtocol - Initializing ProtocolHandler ["http-nio-8080"]
2025-08-09 21:51:55.475 [restartedMain] INFO  o.a.catalina.core.StandardService - Starting service [Tomcat]
2025-08-09 21:51:55.475 [restartedMain] INFO  o.a.catalina.core.StandardEngine - Starting Servlet engine: [Apache Tomcat/10.1.28]
2025-08-09 21:51:55.492 [restartedMain] INFO  o.a.c.c.C.[Tomcat].[localhost].[/] - Initializing Spring embedded WebApplicationContext
2025-08-09 21:51:55.492 [restartedMain] INFO  o.s.b.w.s.c.ServletWebServerApplicationContext - Root WebApplicationContext: initialization completed in 1171 ms
2025-08-09 21:51:55.576 [restartedMain] INFO  com.zaxxer.hikari.HikariDataSource - HikariPool-1 - Starting...
2025-08-09 21:51:55.644 [restartedMain] INFO  com.zaxxer.hikari.pool.HikariPool - HikariPool-1 - Added connection org.postgresql.jdbc.PgConnection@7bdecc1d
2025-08-09 21:51:55.644 [restartedMain] INFO  com.zaxxer.hikari.HikariDataSource - HikariPool-1 - Start completed.
2025-08-09 21:51:55.648 [restartedMain] INFO  o.s.b.a.h.H2ConsoleAutoConfiguration - H2 console available at '/h2-console'. Database available at 'jdbc:postgresql://localhost:5433/postgres?profileSQL=true'
2025-08-09 21:51:55.859 [restartedMain] INFO  org.flywaydb.core.FlywayExecutor - Database: jdbc:postgresql://localhost:5433/postgres (PostgreSQL 16.9)
2025-08-09 21:51:55.894 [restartedMain] INFO  o.f.core.internal.command.DbValidate - Successfully validated 18 migrations (execution time 00:00.025s)
2025-08-09 21:51:55.902 [restartedMain] INFO  o.f.core.internal.command.DbMigrate - Current version of schema "public": 18
2025-08-09 21:51:55.904 [restartedMain] INFO  o.f.core.internal.command.DbMigrate - Schema "public" is up to date. No migration necessary.
2025-08-09 21:51:55.957 [restartedMain] INFO  o.h.jpa.internal.util.LogHelper - HHH000204: Processing PersistenceUnitInfo [name: default]
2025-08-09 21:51:55.982 [restartedMain] INFO  org.hibernate.Version - HHH000412: Hibernate ORM core version 6.5.2.Final
2025-08-09 21:51:55.996 [restartedMain] INFO  o.h.c.i.RegionFactoryInitiator - HHH000026: Second-level cache disabled
2025-08-09 21:51:56.131 [restartedMain] INFO  o.s.o.j.p.SpringPersistenceUnitInfo - No LoadTimeWeaver setup: ignoring JPA class transformer
2025-08-09 21:51:56.322 [restartedMain] WARN  org.hibernate.mapping.RootClass - HHH000038: Composite-id class does not override equals(): com.threadly.adapter.persistence.core.post.entity.UserIdAndCommentId
2025-08-09 21:51:56.322 [restartedMain] WARN  org.hibernate.mapping.RootClass - HHH000039: Composite-id class does not override hashCode(): com.threadly.adapter.persistence.core.post.entity.UserIdAndCommentId
2025-08-09 21:51:56.322 [restartedMain] WARN  org.hibernate.mapping.RootClass - HHH000038: Composite-id class does not override equals(): com.threadly.adapter.persistence.core.post.entity.PostIdAndUserId
2025-08-09 21:51:56.322 [restartedMain] WARN  org.hibernate.mapping.RootClass - HHH000039: Composite-id class does not override hashCode(): com.threadly.adapter.persistence.core.post.entity.PostIdAndUserId
2025-08-09 21:51:56.601 [restartedMain] INFO  o.h.e.t.j.p.i.JtaPlatformInitiator - HHH000489: No JTA platform available (set 'hibernate.transaction.jta.platform' to enable JTA platform integration)
2025-08-09 21:51:56.632 [restartedMain] INFO  o.s.o.j.LocalContainerEntityManagerFactoryBean - Initialized JPA EntityManagerFactory for persistence unit 'default'
2025-08-09 21:51:56.761 [restartedMain] INFO  o.s.d.j.r.query.QueryEnhancerFactory - Hibernate is in classpath; If applicable, HQL parser will be used.
2025-08-09 21:51:57.224 [restartedMain] DEBUG c.t.g.filter.JwtAuthenticationFilter - Filter 'jwtAuthenticationFilter' configured for use
2025-08-09 21:51:57.225 [restartedMain] DEBUG c.t.global.filter.VerificationFilter - Filter 'verificationFilter' configured for use
2025-08-09 21:51:57.225 [restartedMain] DEBUG c.t.g.f.UserStatusTypeValidationFilter - Filter 'userStatusTypeValidationFilter' configured for use
2025-08-09 21:51:57.708 [restartedMain] INFO  o.s.s.c.a.a.c.InitializeUserDetailsBeanManagerConfigurer$InitializeUserDetailsManagerConfigurer - Global AuthenticationManager configured with UserDetailsService bean with name customUserDetailService
2025-08-09 21:51:57.944 [restartedMain] INFO  o.s.b.a.e.web.EndpointLinksResolver - Exposing 3 endpoints beneath base path '/actuator'
2025-08-09 21:51:58.444 [restartedMain] INFO  o.s.b.d.a.OptionalLiveReloadServer - LiveReload server is running on port 35729
2025-08-09 21:51:58.471 [restartedMain] INFO  o.a.coyote.http11.Http11NioProtocol - Starting ProtocolHandler ["http-nio-8080"]
2025-08-09 21:51:58.482 [restartedMain] INFO  o.s.b.w.e.tomcat.TomcatWebServer - Tomcat started on port 8080 (http) with context path '/'
2025-08-09 21:51:58.490 [restartedMain] INFO  com.threadly.ThreadlyApplication - Started ThreadlyApplication in 4.409 seconds (process running for 4.674)
2025-08-09 21:51:58.920 [RMI TCP Connection(4)-127.0.0.1] INFO  o.a.c.c.C.[Tomcat].[localhost].[/] - Initializing Spring DispatcherServlet 'dispatcherServlet'
2025-08-09 21:51:58.920 [RMI TCP Connection(4)-127.0.0.1] INFO  o.s.web.servlet.DispatcherServlet - Initializing Servlet 'dispatcherServlet'
2025-08-09 21:51:58.921 [RMI TCP Connection(4)-127.0.0.1] INFO  o.s.web.servlet.DispatcherServlet - Completed initialization in 1 ms
2025-08-09 21:52:02.998 [SpringApplicationShutdownHook] INFO  o.s.o.j.LocalContainerEntityManagerFactoryBean - Closing JPA EntityManagerFactory for persistence unit 'default'
2025-08-09 21:52:03.000 [SpringApplicationShutdownHook] INFO  com.zaxxer.hikari.HikariDataSource - HikariPool-1 - Shutdown initiated...
2025-08-09 21:52:03.001 [SpringApplicationShutdownHook] INFO  com.zaxxer.hikari.HikariDataSource - HikariPool-1 - Shutdown completed.
